::1 - - [16/Jun/2018:06:53:27 +0000] "POST /api/user/create HTTP/1.1" 200 341 "-" "PostmanRuntime/7.1.5"
::1 - - [16/Jun/2018:06:56:01 +0000] "POST /api/user/create HTTP/1.1" 200 345 "-" "PostmanRuntime/7.1.5"
::1 - - [16/Jun/2018:07:00:32 +0000] "GET /api/user/all HTTP/1.1" 200 9622 "-" "Mozilla/5.0 (Windows NT 10.0; WOW64) AppleWebKit/537.36 (KHTML, like Gecko) Chrome/66.0.3359.170 Safari/537.36 OPR/53.0.2907.99"
::1 - - [16/Jun/2018:07:00:40 +0000] "GET /favicon.ico HTTP/1.1" 404 1690 "http://localhost:3000/api/user/all" "Mozilla/5.0 (Windows NT 10.0; WOW64) AppleWebKit/537.36 (KHTML, like Gecko) Chrome/66.0.3359.170 Safari/537.36 OPR/53.0.2907.99"
::1 - - [16/Jun/2018:07:43:22 +0000] "POST /api/user/create HTTP/1.1" 200 340 "-" "PostmanRuntime/7.1.5"
::1 - - [16/Jun/2018:08:14:14 +0000] "GET /api/hangoutRequest/getuserrequests/5b185263d6c5f02c50c401df HTTP/1.1" 200 1039 "-" "Mozilla/5.0 (Windows NT 10.0; WOW64) AppleWebKit/537.36 (KHTML, like Gecko) Chrome/66.0.3359.170 Safari/537.36 OPR/53.0.2907.99"
::1 - - [16/Jun/2018:08:14:18 +0000] "GET /favicon.ico HTTP/1.1" 404 1690 "http://localhost:3000/api/hangoutRequest/getuserrequests/5b185263d6c5f02c50c401df" "Mozilla/5.0 (Windows NT 10.0; WOW64) AppleWebKit/537.36 (KHTML, like Gecko) Chrome/66.0.3359.170 Safari/537.36 OPR/53.0.2907.99"
::1 - - [16/Jun/2018:10:16:39 +0000] "GET /api/friendRequest/create HTTP/1.1" 500 263 "-" "Mozilla/5.0 (Windows NT 10.0; WOW64) AppleWebKit/537.36 (KHTML, like Gecko) Chrome/66.0.3359.170 Safari/537.36 OPR/53.0.2907.99"
::1 - - [16/Jun/2018:10:16:43 +0000] "GET /favicon.ico HTTP/1.1" 404 1690 "http://localhost:3000/api/friendRequest/create" "Mozilla/5.0 (Windows NT 10.0; WOW64) AppleWebKit/537.36 (KHTML, like Gecko) Chrome/66.0.3359.170 Safari/537.36 OPR/53.0.2907.99"
::1 - - [16/Jun/2018:10:25:46 +0000] "GET /api/friendRequest/create HTTP/1.1" 500 263 "-" "Mozilla/5.0 (Windows NT 10.0; WOW64) AppleWebKit/537.36 (KHTML, like Gecko) Chrome/66.0.3359.170 Safari/537.36 OPR/53.0.2907.99"
::1 - - [16/Jun/2018:10:43:12 +0000] "GET /api/friendRequest/create HTTP/1.1" 500 263 "-" "Mozilla/5.0 (Windows NT 10.0; WOW64) AppleWebKit/537.36 (KHTML, like Gecko) Chrome/66.0.3359.170 Safari/537.36 OPR/53.0.2907.99"
::1 - - [16/Jun/2018:11:17:33 +0000] "GET /api/friendRequest/create HTTP/1.1" 500 263 "-" "Mozilla/5.0 (Windows NT 10.0; WOW64) AppleWebKit/537.36 (KHTML, like Gecko) Chrome/66.0.3359.170 Safari/537.36 OPR/53.0.2907.99"
::1 - - [16/Jun/2018:11:19:52 +0000] "GET /api/friendRequest/create HTTP/1.1" 500 263 "-" "Mozilla/5.0 (Windows NT 10.0; WOW64) AppleWebKit/537.36 (KHTML, like Gecko) Chrome/66.0.3359.170 Safari/537.36 OPR/53.0.2907.99"
::1 - - [16/Jun/2018:11:21:06 +0000] "GET /api/user/all HTTP/1.1" 200 9893 "-" "PostmanRuntime/7.1.5"
::1 - - [16/Jun/2018:11:55:31 +0000] "POST /api/place/create HTTP/1.1" 500 685 "-" "PostmanRuntime/7.1.5"
::1 - - [16/Jun/2018:11:57:09 +0000] "POST /api/place/create HTTP/1.1" 200 306 "-" "PostmanRuntime/7.1.5"
::1 - - [16/Jun/2018:12:06:04 +0000] "POST /api/place/create HTTP/1.1" 200 309 "-" "PostmanRuntime/7.1.5"
::1 - - [16/Jun/2018:12:08:21 +0000] "POST /api/place/create HTTP/1.1" 200 299 "-" "PostmanRuntime/7.1.5"
::1 - - [16/Jun/2018:12:12:41 +0000] "POST /api/place/review/create HTTP/1.1" 500 69 "-" "PostmanRuntime/7.1.5"
::1 - - [16/Jun/2018:12:13:51 +0000] "POST /api/place/review/create HTTP/1.1" 200 455 "-" "PostmanRuntime/7.1.5"
::1 - - [16/Jun/2018:12:21:50 +0000] "POST /api/hangoutRequest/create HTTP/1.1" 500 452 "-" "PostmanRuntime/7.1.5"
::1 - - [16/Jun/2018:12:22:39 +0000] "POST /api/hangoutRequest/create HTTP/1.1" 200 349 "-" "PostmanRuntime/7.1.5"
::1 - - [16/Jun/2018:12:25:22 +0000] "POST /api/hangoutRequest/create HTTP/1.1" 400 156 "-" "PostmanRuntime/7.1.5"
::1 - - [16/Jun/2018:12:25:53 +0000] "POST /api/hangoutRequest/create HTTP/1.1" 200 362 "-" "PostmanRuntime/7.1.5"
::1 - - [16/Jun/2018:12:29:29 +0000] "DELETE /api/hangoutRequest/delete/5b2501d1adf40d0170cc701d HTTP/1.1" 200 89 "-" "PostmanRuntime/7.1.5"
::1 - - [16/Jun/2018:12:31:04 +0000] "POST /api/hangoutRequest/create HTTP/1.1" 200 362 "-" "PostmanRuntime/7.1.5"
::1 - - [16/Jun/2018:12:32:22 +0000] "DELETE /api/hangoutRequest/delete/5b2503081962b60698b378d1 HTTP/1.1" 200 89 "-" "PostmanRuntime/7.1.5"
::1 - - [16/Jun/2018:12:32:58 +0000] "POST /api/hangoutRequest/create HTTP/1.1" 200 362 "-" "PostmanRuntime/7.1.5"
::1 - - [16/Jun/2018:12:34:27 +0000] "DELETE /api/hangoutRequest/delete/5b25037a1962b60698b378d2 HTTP/1.1" 200 87 "-" "PostmanRuntime/7.1.5"
::1 - - [16/Jun/2018:12:34:34 +0000] "DELETE /api/hangoutRequest/delete/5b25037a1962b60698b378d2 HTTP/1.1" 200 87 "-" "PostmanRuntime/7.1.5"
::1 - - [16/Jun/2018:12:41:04 +0000] "POST /api/place/create HTTP/1.1" 200 302 "-" "PostmanRuntime/7.1.5"
::1 - - [16/Jun/2018:12:42:59 +0000] "POST /api/place/create HTTP/1.1" 200 300 "-" "PostmanRuntime/7.1.5"
::1 - - [16/Jun/2018:12:44:56 +0000] "POST /api/place/create HTTP/1.1" 200 321 "-" "PostmanRuntime/7.1.5"
::1 - - [16/Jun/2018:18:31:36 +0000] "GET /individualTests/hagar HTTP/1.1" 404 1690 "-" "Mozilla/5.0 (Windows NT 10.0; WOW64) AppleWebKit/537.36 (KHTML, like Gecko) Chrome/66.0.3359.170 Safari/537.36 OPR/53.0.2907.99"
::1 - - [16/Jun/2018:18:31:36 +0000] "GET /stylesheets/style.css HTTP/1.1" 200 119 "http://localhost:3000/individualTests/hagar" "Mozilla/5.0 (Windows NT 10.0; WOW64) AppleWebKit/537.36 (KHTML, like Gecko) Chrome/66.0.3359.170 Safari/537.36 OPR/53.0.2907.99"
::1 - - [16/Jun/2018:18:31:36 +0000] "GET /favicon.ico HTTP/1.1" 404 1690 "http://localhost:3000/individualTests/hagar" "Mozilla/5.0 (Windows NT 10.0; WOW64) AppleWebKit/537.36 (KHTML, like Gecko) Chrome/66.0.3359.170 Safari/537.36 OPR/53.0.2907.99"
::1 - - [16/Jun/2018:18:33:04 +0000] "GET /individualTests/hagar HTTP/1.1" 404 1690 "-" "Mozilla/5.0 (Windows NT 10.0; WOW64) AppleWebKit/537.36 (KHTML, like Gecko) Chrome/66.0.3359.170 Safari/537.36 OPR/53.0.2907.99"
::1 - - [16/Jun/2018:18:33:04 +0000] "GET /stylesheets/style.css HTTP/1.1" 304 - "http://localhost:3000/individualTests/hagar" "Mozilla/5.0 (Windows NT 10.0; WOW64) AppleWebKit/537.36 (KHTML, like Gecko) Chrome/66.0.3359.170 Safari/537.36 OPR/53.0.2907.99"
::1 - - [16/Jun/2018:18:33:48 +0000] "GET /individualTests/hagar.individual.test HTTP/1.1" 404 1690 "-" "Mozilla/5.0 (Windows NT 10.0; WOW64) AppleWebKit/537.36 (KHTML, like Gecko) Chrome/66.0.3359.170 Safari/537.36 OPR/53.0.2907.99"
::1 - - [16/Jun/2018:18:33:48 +0000] "GET /stylesheets/style.css HTTP/1.1" 304 - "http://localhost:3000/individualTests/hagar.individual.test" "Mozilla/5.0 (Windows NT 10.0; WOW64) AppleWebKit/537.36 (KHTML, like Gecko) Chrome/66.0.3359.170 Safari/537.36 OPR/53.0.2907.99"
::1 - - [16/Jun/2018:18:33:54 +0000] "GET /individualTests/hagar.individual.test HTTP/1.1" 404 1690 "-" "Mozilla/5.0 (Windows NT 10.0; WOW64) AppleWebKit/537.36 (KHTML, like Gecko) Chrome/66.0.3359.170 Safari/537.36 OPR/53.0.2907.99"
::1 - - [16/Jun/2018:18:33:54 +0000] "GET /stylesheets/style.css HTTP/1.1" 304 - "http://localhost:3000/individualTests/hagar.individual.test" "Mozilla/5.0 (Windows NT 10.0; WOW64) AppleWebKit/537.36 (KHTML, like Gecko) Chrome/66.0.3359.170 Safari/537.36 OPR/53.0.2907.99"
::1 - - [16/Jun/2018:22:47:23 +0000] "POST /api/hangoutRequest/create HTTP/1.1" 200 349 "-" "PostmanRuntime/7.1.5"
::1 - - [16/Jun/2018:22:49:03 +0000] "DELETE /api/hangoutRequest/delete/5b25937a50dfd10a6c651a4e HTTP/1.1" 200 87 "-" "PostmanRuntime/7.1.5"
::1 - - [16/Jun/2018:22:53:11 +0000] "POST /api/hangoutRequest/create HTTP/1.1" 200 388 "-" "PostmanRuntime/7.1.5"
::1 - - [16/Jun/2018:22:54:55 +0000] "DELETE /api/hangoutRequest/delete/5b2594d7d63f2a368800cd0b HTTP/1.1" 200 87 "-" "PostmanRuntime/7.1.5"
::1 - - [16/Jun/2018:22:55:36 +0000] "POST /api/hangoutRequest/create HTTP/1.1" 200 415 "-" "PostmanRuntime/7.1.5"
::1 - - [16/Jun/2018:22:57:31 +0000] "GET /api/user/5b24b3e74534b52198aff4ba HTTP/1.1" 200 326 "-" "Mozilla/5.0 (Windows NT 10.0; WOW64) AppleWebKit/537.36 (KHTML, like Gecko) Chrome/66.0.3359.170 Safari/537.36 OPR/53.0.2907.99"
::1 - - [16/Jun/2018:22:59:45 +0000] "POST /api/hangoutRequest/create HTTP/1.1" 200 353 "-" "PostmanRuntime/7.1.5"
::1 - - [16/Jun/2018:23:00:04 +0000] "DELETE /api/hangoutRequest/delete/5b25966147fde4306c52a40f HTTP/1.1" 200 87 "-" "PostmanRuntime/7.1.5"
::1 - - [16/Jun/2018:23:01:06 +0000] "POST /api/hangoutRequest/create HTTP/1.1" 400 170 "-" "PostmanRuntime/7.1.5"
::1 - - [16/Jun/2018:23:03:49 +0000] "POST /api/hangoutRequest/create HTTP/1.1" 500 907 "-" "PostmanRuntime/7.1.5"
::1 - - [16/Jun/2018:23:04:03 +0000] "POST /api/hangoutRequest/create HTTP/1.1" 500 1038 "-" "PostmanRuntime/7.1.5"
::1 - - [16/Jun/2018:23:04:42 +0000] "POST /api/hangoutRequest/create HTTP/1.1" 200 406 "-" "PostmanRuntime/7.1.5"
::1 - - [16/Jun/2018:23:05:15 +0000] "DELETE /api/hangoutRequest/delete/5b25978a5450db24dc0a7b4a HTTP/1.1" 200 87 "-" "PostmanRuntime/7.1.5"
::1 - - [16/Jun/2018:23:21:48 +0000] "POST /api/hangoutRequest/create HTTP/1.1" 200 381 "-" "PostmanRuntime/7.1.5"
::1 - - [16/Jun/2018:23:23:20 +0000] "GET /api/hangoutRequest/getrcvrrequests/5b24b3e74534b52198aff4ba HTTP/1.1" 500 69 "-" "Mozilla/5.0 (Windows NT 10.0; WOW64) AppleWebKit/537.36 (KHTML, like Gecko) Chrome/66.0.3359.170 Safari/537.36 OPR/53.0.2907.99"
::1 - - [16/Jun/2018:23:25:06 +0000] "GET /api/hangoutRequest/getsndrrequests/5b24bf991c74bf1ddc2a061e HTTP/1.1" 200 979 "-" "Mozilla/5.0 (Windows NT 10.0; WOW64) AppleWebKit/537.36 (KHTML, like Gecko) Chrome/66.0.3359.170 Safari/537.36 OPR/53.0.2907.99"
::1 - - [16/Jun/2018:23:26:31 +0000] "GET /api/hangoutRequest/getrcvrrequests/5b24b3e74534b52198aff4ba HTTP/1.1" 500 69 "-" "Mozilla/5.0 (Windows NT 10.0; WOW64) AppleWebKit/537.36 (KHTML, like Gecko) Chrome/66.0.3359.170 Safari/537.36 OPR/53.0.2907.99"
::1 - - [16/Jun/2018:23:28:14 +0000] "GET /api/hangoutRequest/getrcvrrequests/5b24b3e74534b52198aff4ba HTTP/1.1" 200 1828 "-" "Mozilla/5.0 (Windows NT 10.0; WOW64) AppleWebKit/537.36 (KHTML, like Gecko) Chrome/66.0.3359.170 Safari/537.36 OPR/53.0.2907.99"
::1 - - [16/Jun/2018:23:30:49 +0000] "GET /api/hangoutRequest/getrcvrrequests/5b24b3e74534b52198aff4ba HTTP/1.1" 200 710 "-" "Mozilla/5.0 (Windows NT 10.0; WOW64) AppleWebKit/537.36 (KHTML, like Gecko) Chrome/66.0.3359.170 Safari/537.36 OPR/53.0.2907.99"
::1 - - [16/Jun/2018:23:35:28 +0000] "POST /api/hangoutRequest/create HTTP/1.1" 500 452 "-" "PostmanRuntime/7.1.5"
